  the_data_semantics.cc
  runtime_semantics.cc
e:\github\inside-cplusplus-object-model\object_model\object_model\runtime_semantics.cc(25): warning C4101: “local_i”: 未引用的局部变量
  object_model_test.cc
e:\github\inside-cplusplus-object-model\object_model\object_model\object_model_test.cc(38): warning C4996: 'strcpy': This function or variable may be unsafe. Consider using strcpy_s instead. To disable deprecation, use _CRT_SECURE_NO_WARNINGS. See online help for details.
  c:\program files (x86)\windows kits\10\include\10.0.10240.0\ucrt\string.h(119): note: 参见“strcpy”的声明
  function_semantics.cc
  copy_constructor.cc
e:\github\inside-cplusplus-object-model\object_model\object_model\copy_constructor.cc(13): warning C4996: 'strcpy': This function or variable may be unsafe. Consider using strcpy_s instead. To disable deprecation, use _CRT_SECURE_NO_WARNINGS. See online help for details.
  c:\program files (x86)\windows kits\10\include\10.0.10240.0\ucrt\string.h(119): note: 参见“strcpy”的声明
e:\github\inside-cplusplus-object-model\object_model\object_model\copy_constructor.cc(22): warning C4996: 'strcpy': This function or variable may be unsafe. Consider using strcpy_s instead. To disable deprecation, use _CRT_SECURE_NO_WARNINGS. See online help for details.
  c:\program files (x86)\windows kits\10\include\10.0.10240.0\ucrt\string.h(119): note: 参见“strcpy”的声明
  inherent_constructor_destructor.cc
  polymorphism.cc
e:\github\inside-cplusplus-object-model\object_model\object_model\polymorphism.cc(226): error C2276: “&”: 绑定成员函数表达式上的非法操作
  new_delete.cc
  正在生成代码...
e:\github\inside-cplusplus-object-model\object_model\object_model\object_model_test.cc(54): warning C4700: 使用了未初始化的局部变量“d1”
e:\github\inside-cplusplus-object-model\object_model\object_model\runtime_semantics.cc(34): warning C4700: 使用了未初始化的局部变量“ptr”
e:\github\inside-cplusplus-object-model\object_model\object_model\runtime_semantics.cc(39): warning C4700: 使用了未初始化的局部变量“run_time”
